<?xml version="1.0" encoding="UTF-8"?>
<testng-results skipped="0" failed="1" ignored="0" total="1" passed="0">
  <reporter-output>
  </reporter-output>
  <suite name="Default suite" duration-ms="31942" started-at="2018-05-27T21:53:39Z" finished-at="2018-05-27T21:54:11Z">
    <groups>
    </groups>
    <test name="Default test" duration-ms="31942" started-at="2018-05-27T21:53:39Z" finished-at="2018-05-27T21:54:11Z">
      <class name="com.rameshsoft.automation.businessscript.PomLoginOne">
        <test-method status="PASS" signature="openBrowser(java.lang.String)[pri:0, instance:com.rameshsoft.automation.businessscript.PomLoginOne@7085bdee]" name="openBrowser" is-config="true" duration-ms="13200" started-at="2018-05-27T21:53:26Z" finished-at="2018-05-27T21:53:39Z">
          <params>
            <param index="0">
              <value>
                <![CDATA[chrome]]>
              </value>
            </param>
          </params>
          <reporter-output>
          </reporter-output>
        </test-method> <!-- openBrowser -->
        <test-method status="PASS" signature="initExtReport()[pri:0, instance:com.rameshsoft.automation.businessscript.PomLoginOne@7085bdee]" name="initExtReport" is-config="true" duration-ms="158" started-at="2018-05-27T21:53:39Z" finished-at="2018-05-27T21:53:39Z">
          <reporter-output>
          </reporter-output>
        </test-method> <!-- initExtReport -->
        <test-method status="PASS" signature="beforeTCExecution(java.lang.reflect.Method)[pri:0, instance:com.rameshsoft.automation.businessscript.PomLoginOne@7085bdee]" name="beforeTCExecution" is-config="true" duration-ms="3" started-at="2018-05-27T21:53:39Z" finished-at="2018-05-27T21:53:39Z">
          <params>
            <param index="0">
              <value>
                <![CDATA[public void com.rameshsoft.automation.businessscript.PomLoginOne.loginpom() throws java.io.IOException,org.apache.poi.EncryptedDocumentException,org.apache.poi.openxml4j.exceptions.InvalidFormatException]]>
              </value>
            </param>
          </params>
          <reporter-output>
          </reporter-output>
        </test-method> <!-- beforeTCExecution -->
        <test-method status="FAIL" signature="loginpom()[pri:0, instance:com.rameshsoft.automation.businessscript.PomLoginOne@7085bdee]" name="loginpom" duration-ms="30302" started-at="2018-05-27T21:53:39Z" finished-at="2018-05-27T21:54:10Z">
          <exception class="java.lang.AssertionError">
            <message>
              <![CDATA[expected [true] but found [false]]]>
            </message>
            <full-stacktrace>
              <![CDATA[java.lang.AssertionError: expected [true] but found [false]
at org.testng.Assert.fail(Assert.java:96)
at org.testng.Assert.failNotEquals(Assert.java:776)
at org.testng.Assert.assertTrue(Assert.java:44)
at org.testng.Assert.assertTrue(Assert.java:54)
at com.rameshsoft.automation.gmail.pageobjects.GmailPwdPage.enterPwd(GmailPwdPage.java:30)
at com.rameshsoft.automation.businessscript.PomLoginOne.loginpom(PomLoginOne.java:31)
at sun.reflect.NativeMethodAccessorImpl.invoke0(Native Method)
at sun.reflect.NativeMethodAccessorImpl.invoke(NativeMethodAccessorImpl.java:62)
at sun.reflect.DelegatingMethodAccessorImpl.invoke(DelegatingMethodAccessorImpl.java:43)
at java.lang.reflect.Method.invoke(Method.java:498)
at org.testng.internal.MethodInvocationHelper.invokeMethod(MethodInvocationHelper.java:124)
at org.testng.internal.Invoker.invokeMethod(Invoker.java:583)
at org.testng.internal.Invoker.invokeTestMethod(Invoker.java:719)
at org.testng.internal.Invoker.invokeTestMethods(Invoker.java:989)
at org.testng.internal.TestMethodWorker.invokeTestMethods(TestMethodWorker.java:125)
at org.testng.internal.TestMethodWorker.run(TestMethodWorker.java:109)
at org.testng.TestRunner.privateRun(TestRunner.java:648)
at org.testng.TestRunner.run(TestRunner.java:505)
at org.testng.SuiteRunner.runTest(SuiteRunner.java:455)
at org.testng.SuiteRunner.runSequentially(SuiteRunner.java:450)
at org.testng.SuiteRunner.privateRun(SuiteRunner.java:415)
at org.testng.SuiteRunner.run(SuiteRunner.java:364)
at org.testng.SuiteRunnerWorker.runSuite(SuiteRunnerWorker.java:52)
at org.testng.SuiteRunnerWorker.run(SuiteRunnerWorker.java:84)
at org.testng.TestNG.runSuitesSequentially(TestNG.java:1208)
at org.testng.TestNG.runSuitesLocally(TestNG.java:1137)
at org.testng.TestNG.runSuites(TestNG.java:1049)
at org.testng.TestNG.run(TestNG.java:1017)
at org.testng.remote.AbstractRemoteTestNG.run(AbstractRemoteTestNG.java:114)
at org.testng.remote.RemoteTestNG.initAndRun(RemoteTestNG.java:251)
at org.testng.remote.RemoteTestNG.main(RemoteTestNG.java:77)
]]>
            </full-stacktrace>
          </exception> <!-- java.lang.AssertionError -->
          <reporter-output>
          </reporter-output>
        </test-method> <!-- loginpom -->
        <test-method status="PASS" signature="afterTCExecution(org.testng.ITestResult)[pri:0, instance:com.rameshsoft.automation.businessscript.PomLoginOne@7085bdee]" name="afterTCExecution" is-config="true" duration-ms="1376" started-at="2018-05-27T21:54:10Z" finished-at="2018-05-27T21:54:11Z">
          <params>
            <param index="0">
              <value>
                <![CDATA[[TestResult name=loginpom status=FAILURE method=PomLoginOne.loginpom()[pri:0, instance:com.rameshsoft.automation.businessscript.PomLoginOne@7085bdee] output={null}]]]>
              </value>
            </param>
          </params>
          <reporter-output>
          </reporter-output>
        </test-method> <!-- afterTCExecution -->
        <test-method status="PASS" signature="endExtReport()[pri:0, instance:com.rameshsoft.automation.businessscript.PomLoginOne@7085bdee]" name="endExtReport" is-config="true" duration-ms="78" started-at="2018-05-27T21:54:11Z" finished-at="2018-05-27T21:54:11Z">
          <reporter-output>
          </reporter-output>
        </test-method> <!-- endExtReport -->
        <test-method status="PASS" signature="closeBrowser()[pri:0, instance:com.rameshsoft.automation.businessscript.PomLoginOne@7085bdee]" name="closeBrowser" is-config="true" duration-ms="413" started-at="2018-05-27T21:54:11Z" finished-at="2018-05-27T21:54:12Z">
          <reporter-output>
          </reporter-output>
        </test-method> <!-- closeBrowser -->
      </class> <!-- com.rameshsoft.automation.businessscript.PomLoginOne -->
    </test> <!-- Default test -->
  </suite> <!-- Default suite -->
</testng-results>
