<?xml version="1.0" encoding="UTF-8"?>
<!-- Generated by org.testng.reporters.JUnitXMLReporter -->
<testsuite hostname="DESKTOP-PFR1QLE" ignored="0" tests="0" failures="0" timestamp="11 Apr 2018 05:12:23 GMT" time="0.002" errors="0">
  <testcase name="@BeforeSuite openBrowser" time="0.0" classname="com.seleniumAutomation.base.WebdriverEngine">
    <failure type="org.testng.TestNGException" message="
Parameter &amp;apos;browser&amp;apos; is required by BeforeSuite on method openBrowser but has not been marked @Optional or defined
in F:\selenium\testNG\testngWE.xml">
      <![CDATA[org.testng.TestNGException: 
Parameter 'browser' is required by BeforeSuite on method openBrowser but has not been marked @Optional or defined
in F:\selenium\testNG\testngWE.xml
... Removed 17 stack frames]]>
    </failure>
  </testcase> <!-- @BeforeSuite openBrowser -->
</testsuite>
