<?xml version="1.0" encoding="UTF-8"?>
<!-- Generated by org.testng.reporters.JUnitXMLReporter -->
<testsuite hostname="DESKTOP-PFR1QLE" ignored="4" name="Test" tests="2" failures="0" timestamp="11 Apr 2018 05:33:06 GMT" time="0.062" errors="0">
  <testcase name="@BeforeSuite openBrowser" time="0.0" classname="com.seleniumAutomation.base.WebdriverEngine">
    <failure type="org.testng.TestNGException" message="
Parameter &amp;apos;browser&amp;apos; is required by BeforeSuite on method openBrowser but has not been marked @Optional or defined
in F:\selenium\testNG\testngBS.xml">
      <![CDATA[org.testng.TestNGException: 
Parameter 'browser' is required by BeforeSuite on method openBrowser but has not been marked @Optional or defined
in F:\selenium\testNG\testngBS.xml
... Removed 17 stack frames]]>
    </failure>
  </testcase> <!-- @BeforeSuite openBrowser -->
  <testcase name="@BeforeTest tcBeforeExecution" time="0.0" classname="com.seleniumAutomation.base.WebdriverEngine">
    <skipped/>
  </testcase> <!-- @BeforeTest tcBeforeExecution -->
  <testcase name="@AfterTest tcAfterExecution" time="0.0" classname="com.seleniumAutomation.base.WebdriverEngine">
    <skipped/>
  </testcase> <!-- @AfterTest tcAfterExecution -->
  <testcase name="gmail" time="0.0" classname="com.seleniumAutomation.businessScripts.Gmail_Test">
    <skipped/>
  </testcase> <!-- gmail -->
  <testcase name="fbTest" time="0.0" classname="com.seleniumAutomation.businessScripts.Facebook_Test">
    <skipped/>
  </testcase> <!-- fbTest -->
  <testcase name="@AfterSuite closeBrowser" time="0.0" classname="com.seleniumAutomation.base.WebdriverEngine">
    <ignored/>
  </testcase> <!-- @AfterSuite closeBrowser -->
  <testcase name="@BeforeTest tcBeforeExecution" time="0.0" classname="com.seleniumAutomation.base.WebdriverEngine">
    <ignored/>
  </testcase> <!-- @BeforeTest tcBeforeExecution -->
  <testcase name="@BeforeSuite openBrowser" time="0.0" classname="com.seleniumAutomation.base.WebdriverEngine">
    <ignored/>
  </testcase> <!-- @BeforeSuite openBrowser -->
  <testcase name="@AfterTest tcAfterExecution" time="0.0" classname="com.seleniumAutomation.base.WebdriverEngine">
    <ignored/>
  </testcase> <!-- @AfterTest tcAfterExecution -->
</testsuite> <!-- Test -->
